<?xml version="1.0" encoding="UTF-8"?>
<!-- Generated by org.testng.reporters.JUnitXMLReporter -->
<testsuite ignored="0" hostname="anirudha-Vostro-2520" failures="0" tests="3" name="Default test" time="30.316" errors="0" timestamp="12 Apr 2021 10:09:25 GMT">
  <testcase classname="com.orange.qa.testcases.LoginPageTest" name="verifyPageTitle" time="0.025"/>
  <testcase classname="com.orange.qa.testcases.LoginPageTest" name="validateLogin" time="6.26"/>
  <testcase classname="com.orange.qa.testcases.LoginPageTest" name="verifyForgotLink" time="1.307"/>
</testsuite> <!-- Default test -->
