<?xml version="1.0" encoding="UTF-8"?>
<!-- Generated by org.testng.reporters.JUnitXMLReporter -->
<testsuite ignored="0" hostname="anirudha-Vostro-2520" failures="0" tests="3" name="Default test" time="54.649" errors="0" timestamp="10 Apr 2021 17:09:55 GMT">
  <testcase classname="com.orange.qa.testcases.LoginPageTest" name="verifyPageTitle" time="0.019"/>
  <testcase classname="com.orange.qa.testcases.LoginPageTest" name="validateLogin" time="9.872"/>
  <testcase classname="com.orange.qa.testcases.LoginPageTest" name="verifyForgotLink" time="1.149"/>
</testsuite> <!-- Default test -->
