<?xml version="1.0" encoding="UTF-8"?>
<!-- Generated by org.testng.reporters.JUnitXMLReporter -->
<testsuite ignored="0" hostname="anirudha-Vostro-2520" failures="0" tests="13" name="Orange HRM Application Test" time="194.436" errors="0" timestamp="12 Apr 2021 10:16:22 GMT">
  <testcase classname="com.orange.qa.testcases.LoginPageTest" name="verifyPageTitle" time="0.025"/>
  <testcase classname="com.orange.qa.testcases.DashboardPageTest" name="verifyDashboardPageTitle" time="0.015"/>
  <testcase classname="com.orange.qa.testcases.LoginPageTest" name="validateLogin" time="6.646"/>
  <testcase classname="com.orange.qa.testcases.DashboardPageTest" name="verifyAssignLeavePageLoad" time="1.666"/>
  <testcase classname="com.orange.qa.testcases.LoginPageTest" name="verifyForgotLink" time="1.465"/>
  <testcase classname="com.orange.qa.testcases.DashboardPageTest" name="verifyLeaveList" time="2.959"/>
  <testcase classname="com.orange.qa.testcases.DashboardPageTest" name="verifyTimeSheets" time="1.441"/>
  <testcase classname="com.orange.qa.testcases.DashboardPageTest" name="verifyApplyLeave" time="2.389"/>
  <testcase classname="com.orange.qa.testcases.DashboardPageTest" name="verifyMyLeave" time="1.974"/>
  <testcase classname="com.orange.qa.testcases.DashboardPageTest" name="verifyMyTimeSheetLoads" time="2.272"/>
  <testcase classname="com.orange.qa.testcases.DashboardPageTest" name="verifyEmployeeDistributionDisplayed" time="0.131"/>
  <testcase classname="com.orange.qa.testcases.DashboardPageTest" name="verifyLegendLoad" time="0.133"/>
  <testcase classname="com.orange.qa.testcases.DashboardPageTest" name="verifyPendingLeaveDisplayed" time="0.136"/>
</testsuite> <!-- Orange HRM Application Test -->
