<?xml version="1.0" encoding="UTF-8"?>
<testng-results ignored="0" total="3" passed="3" failed="0" skipped="0">
  <reporter-output>
  </reporter-output>
  <suite started-at="2021-04-10T17:09:00Z" name="Default suite" finished-at="2021-04-10T17:09:55Z" duration-ms="54649">
    <groups>
    </groups>
    <test started-at="2021-04-10T17:09:00Z" name="Default test" finished-at="2021-04-10T17:09:55Z" duration-ms="54649">
      <class name="com.orange.qa.testcases.LoginPageTest">
        <test-method is-config="true" signature="setup()[pri:0, instance:com.orange.qa.testcases.LoginPageTest@7bab3f1a]" started-at="2021-04-10T22:39:00Z" name="setup" finished-at="2021-04-10T22:39:22Z" duration-ms="21686" status="PASS">
          <reporter-output>
          </reporter-output>
        </test-method> <!-- setup -->
        <test-method signature="verifyPageTitle()[pri:1, instance:com.orange.qa.testcases.LoginPageTest@7bab3f1a]" started-at="2021-04-10T22:39:22Z" name="verifyPageTitle" finished-at="2021-04-10T22:39:22Z" duration-ms="19" status="PASS">
          <reporter-output>
          </reporter-output>
        </test-method> <!-- verifyPageTitle -->
        <test-method is-config="true" signature="tearDown()[pri:0, instance:com.orange.qa.testcases.LoginPageTest@7bab3f1a]" started-at="2021-04-10T22:39:22Z" name="tearDown" finished-at="2021-04-10T22:39:22Z" duration-ms="129" status="PASS">
          <reporter-output>
          </reporter-output>
        </test-method> <!-- tearDown -->
        <test-method is-config="true" signature="setup()[pri:0, instance:com.orange.qa.testcases.LoginPageTest@7bab3f1a]" started-at="2021-04-10T22:39:22Z" name="setup" finished-at="2021-04-10T22:39:34Z" duration-ms="11593" status="PASS">
          <reporter-output>
          </reporter-output>
        </test-method> <!-- setup -->
        <test-method signature="validateLogin()[pri:2, instance:com.orange.qa.testcases.LoginPageTest@7bab3f1a]" started-at="2021-04-10T22:39:34Z" name="validateLogin" finished-at="2021-04-10T22:39:44Z" duration-ms="9872" status="PASS">
          <reporter-output>
          </reporter-output>
        </test-method> <!-- validateLogin -->
        <test-method is-config="true" signature="tearDown()[pri:0, instance:com.orange.qa.testcases.LoginPageTest@7bab3f1a]" started-at="2021-04-10T22:39:44Z" name="tearDown" finished-at="2021-04-10T22:39:44Z" duration-ms="139" status="PASS">
          <reporter-output>
          </reporter-output>
        </test-method> <!-- tearDown -->
        <test-method is-config="true" signature="setup()[pri:0, instance:com.orange.qa.testcases.LoginPageTest@7bab3f1a]" started-at="2021-04-10T22:39:44Z" name="setup" finished-at="2021-04-10T22:39:54Z" duration-ms="9851" status="PASS">
          <reporter-output>
          </reporter-output>
        </test-method> <!-- setup -->
        <test-method signature="verifyForgotLink()[pri:3, instance:com.orange.qa.testcases.LoginPageTest@7bab3f1a]" started-at="2021-04-10T22:39:54Z" name="verifyForgotLink" finished-at="2021-04-10T22:39:55Z" duration-ms="1149" status="PASS">
          <reporter-output>
          </reporter-output>
        </test-method> <!-- verifyForgotLink -->
        <test-method is-config="true" signature="tearDown()[pri:0, instance:com.orange.qa.testcases.LoginPageTest@7bab3f1a]" started-at="2021-04-10T22:39:55Z" name="tearDown" finished-at="2021-04-10T22:39:55Z" duration-ms="179" status="PASS">
          <reporter-output>
          </reporter-output>
        </test-method> <!-- tearDown -->
      </class> <!-- com.orange.qa.testcases.LoginPageTest -->
    </test> <!-- Default test -->
  </suite> <!-- Default suite -->
</testng-results>
